[ERROR] 2019-02-26 08:21:27.096 [main] Combinaison - erreur sur le nombre mystere
java.lang.NumberFormatException: null
	at java.lang.Integer.parseInt(Integer.java:614) ~[?:?]
	at java.lang.Integer.parseInt(Integer.java:770) ~[?:?]
	at fr.alex.main.Utilisateur.getChoixDuModeDeveloppeur(Utilisateur.java:11) ~[bin/:?]
	at fr.alex.main.Combinaison.generationDuNombreMystere(Combinaison.java:43) [bin/:?]
	at fr.alex.main.CorpsPrincipal.init(CorpsPrincipal.java:71) [bin/:?]
	at fr.alex.main.MainMaster.main(MainMaster.java:9) [bin/:?]
[ERROR] 2019-02-26 08:21:37.112 [main] Combinaison - erreur dans la saisie utilisateur 5 parametres
java.lang.NullPointerException: null
	at fr.alex.main.VerificationEtFonctionnement.verifieSiLettre(VerificationEtFonctionnement.java:118) ~[bin/:?]
	at fr.alex.main.VerificationEtFonctionnement.saisieUtilisateur(VerificationEtFonctionnement.java:67) [bin/:?]
	at fr.alex.main.CorpsPrincipal.init(CorpsPrincipal.java:81) [bin/:?]
	at fr.alex.main.MainMaster.main(MainMaster.java:9) [bin/:?]
[ERROR] 2019-02-26 08:22:11.909 [main] Combinaison - erreur dans la saisie utilisateur 5 parametres
java.lang.NullPointerException: null
	at fr.alex.main.VerificationEtFonctionnement.verifieSiLettre(VerificationEtFonctionnement.java:118) ~[bin/:?]
	at fr.alex.main.VerificationEtFonctionnement.saisieUtilisateur(VerificationEtFonctionnement.java:67) [bin/:?]
	at fr.alex.main.CorpsPrincipal.init(CorpsPrincipal.java:81) [bin/:?]
	at fr.alex.main.MainMaster.main(MainMaster.java:9) [bin/:?]
[ERROR] 2019-02-26 08:22:30.849 [main] Combinaison - erreur sur le nombre mystere
java.lang.NumberFormatException: null
	at java.lang.Integer.parseInt(Integer.java:614) ~[?:?]
	at java.lang.Integer.parseInt(Integer.java:770) ~[?:?]
	at fr.alex.main.Utilisateur.getChoixDuModeDeveloppeur(Utilisateur.java:11) ~[bin/:?]
	at fr.alex.main.Combinaison.generationDuNombreMystere(Combinaison.java:44) [bin/:?]
	at fr.alex.main.CorpsPrincipal.init(CorpsPrincipal.java:71) [bin/:?]
	at fr.alex.main.MainMaster.main(MainMaster.java:9) [bin/:?]
[ERROR] 2019-02-26 08:22:57.160 [main] Combinaison - erreur dans la saisie utilisateur 5 parametres
java.lang.NullPointerException: null
	at fr.alex.main.VerificationEtFonctionnement.verifieSiLettre(VerificationEtFonctionnement.java:118) ~[bin/:?]
	at fr.alex.main.VerificationEtFonctionnement.saisieUtilisateur(VerificationEtFonctionnement.java:67) [bin/:?]
	at fr.alex.main.CorpsPrincipal.init(CorpsPrincipal.java:81) [bin/:?]
	at fr.alex.main.MainMaster.main(MainMaster.java:9) [bin/:?]
[ERROR] 2019-02-26 08:24:53.788 [main] Combinaison - erreur sur le nombre mystere
java.lang.NumberFormatException: null
	at java.lang.Integer.parseInt(Integer.java:614) ~[?:?]
	at java.lang.Integer.parseInt(Integer.java:770) ~[?:?]
	at fr.alex.main.Utilisateur.getChoixDuModeDeveloppeur(Utilisateur.java:12) ~[bin/:?]
	at fr.alex.main.Combinaison.generationDuNombreMystere(Combinaison.java:44) [bin/:?]
	at fr.alex.main.CorpsPrincipal.init(CorpsPrincipal.java:71) [bin/:?]
	at fr.alex.main.MainMaster.main(MainMaster.java:9) [bin/:?]
[ERROR] 2019-02-26 08:25:08.105 [main] Combinaison - erreur dans la saisie utilisateur 5 parametres
java.lang.NullPointerException: null
	at fr.alex.main.VerificationEtFonctionnement.verifieSiLettre(VerificationEtFonctionnement.java:118) ~[bin/:?]
	at fr.alex.main.VerificationEtFonctionnement.saisieUtilisateur(VerificationEtFonctionnement.java:67) [bin/:?]
	at fr.alex.main.CorpsPrincipal.init(CorpsPrincipal.java:81) [bin/:?]
	at fr.alex.main.MainMaster.main(MainMaster.java:9) [bin/:?]
[ERROR] 2019-02-26 08:26:05.503 [main] Combinaison - erreur sur le nombre mystere
java.lang.NumberFormatException: null
	at java.lang.Integer.parseInt(Integer.java:614) ~[?:?]
	at java.lang.Integer.parseInt(Integer.java:770) ~[?:?]
	at fr.alex.main.Utilisateur.getChoixDuModeDeveloppeur(Utilisateur.java:12) ~[bin/:?]
	at fr.alex.main.Combinaison.generationDuNombreMystere(Combinaison.java:44) [bin/:?]
	at fr.alex.main.CorpsPrincipal.init(CorpsPrincipal.java:71) [bin/:?]
	at fr.alex.main.MainMaster.main(MainMaster.java:9) [bin/:?]
[ERROR] 2019-02-26 08:26:07.855 [main] Combinaison - erreur dans la saisie utilisateur 5 parametres
java.lang.NullPointerException: null
	at fr.alex.main.VerificationEtFonctionnement.verifieSiLettre(VerificationEtFonctionnement.java:118) ~[bin/:?]
	at fr.alex.main.VerificationEtFonctionnement.saisieUtilisateur(VerificationEtFonctionnement.java:67) [bin/:?]
	at fr.alex.main.CorpsPrincipal.init(CorpsPrincipal.java:81) [bin/:?]
	at fr.alex.main.MainMaster.main(MainMaster.java:9) [bin/:?]
[ERROR] 2019-02-26 08:27:43.890 [main] Combinaison - erreur sur le nombre mystere
java.lang.NumberFormatException: null
	at java.lang.Integer.parseInt(Integer.java:614) ~[?:?]
	at java.lang.Integer.parseInt(Integer.java:770) ~[?:?]
	at fr.alex.main.Utilisateur.getChoixDuModeDeveloppeur(Utilisateur.java:12) ~[bin/:?]
	at fr.alex.main.Combinaison.generationDuNombreMystere(Combinaison.java:44) [bin/:?]
	at fr.alex.main.CorpsPrincipal.init(CorpsPrincipal.java:71) [bin/:?]
	at fr.alex.main.MainMaster.main(MainMaster.java:9) [bin/:?]
[ERROR] 2019-02-26 08:27:46.685 [main] Combinaison - erreur dans la saisie utilisateur 5 parametres
java.lang.NullPointerException: null
	at fr.alex.main.VerificationEtFonctionnement.verifieSiLettre(VerificationEtFonctionnement.java:118) ~[bin/:?]
	at fr.alex.main.VerificationEtFonctionnement.saisieUtilisateur(VerificationEtFonctionnement.java:67) [bin/:?]
	at fr.alex.main.CorpsPrincipal.init(CorpsPrincipal.java:81) [bin/:?]
	at fr.alex.main.MainMaster.main(MainMaster.java:9) [bin/:?]
[ERROR] 2019-02-26 09:09:34.645 [main] Combinaison - erreur dans la saisie utilisateur 5 parametres
java.lang.NullPointerException: null
	at fr.alex.main.VerificationEtFonctionnement.verifieSiLettre(VerificationEtFonctionnement.java:118) ~[bin/:?]
	at fr.alex.main.VerificationEtFonctionnement.saisieUtilisateur(VerificationEtFonctionnement.java:67) [bin/:?]
	at fr.alex.main.CorpsPrincipal.init(CorpsPrincipal.java:81) [bin/:?]
	at fr.alex.main.MainMaster.main(MainMaster.java:9) [bin/:?]
[ERROR] 2019-02-26 09:10:08.991 [main] Combinaison - erreur sur le nombre mystere
java.lang.NumberFormatException: null
	at java.lang.Integer.parseInt(Integer.java:614) ~[?:?]
	at java.lang.Integer.parseInt(Integer.java:770) ~[?:?]
	at fr.alex.main.Utilisateur.getChoixDuModeDeveloppeur(Utilisateur.java:12) ~[bin/:?]
	at fr.alex.main.Combinaison.generationDuNombreMystere(Combinaison.java:43) [bin/:?]
	at fr.alex.main.CorpsPrincipal.init(CorpsPrincipal.java:71) [bin/:?]
	at fr.alex.main.MainMaster.main(MainMaster.java:9) [bin/:?]
[ERROR] 2019-02-26 09:10:18.346 [main] Combinaison - erreur dans la saisie utilisateur 5 parametres
java.lang.NullPointerException: null
	at fr.alex.main.VerificationEtFonctionnement.verifieSiLettre(VerificationEtFonctionnement.java:118) ~[bin/:?]
	at fr.alex.main.VerificationEtFonctionnement.saisieUtilisateur(VerificationEtFonctionnement.java:67) [bin/:?]
	at fr.alex.main.CorpsPrincipal.init(CorpsPrincipal.java:81) [bin/:?]
	at fr.alex.main.MainMaster.main(MainMaster.java:9) [bin/:?]
[ERROR] 2019-02-26 09:13:19.680 [main] Combinaison - erreur dans la saisie utilisateur 5 parametres
java.lang.NullPointerException: null
	at fr.alex.main.VerificationEtFonctionnement.verifieSiLettre(VerificationEtFonctionnement.java:118) ~[bin/:?]
	at fr.alex.main.VerificationEtFonctionnement.saisieUtilisateur(VerificationEtFonctionnement.java:67) [bin/:?]
	at fr.alex.main.CorpsPrincipal.init(CorpsPrincipal.java:81) [bin/:?]
	at fr.alex.main.MainMaster.main(MainMaster.java:9) [bin/:?]
[ERROR] 2019-02-26 09:24:34.559 [main] Combinaison - erreur dans la saisie utilisateur 5 parametres
java.lang.NullPointerException: null
	at fr.alex.main.VerificationEtFonctionnement.verifieSiLettre(VerificationEtFonctionnement.java:118) ~[bin/:?]
	at fr.alex.main.VerificationEtFonctionnement.saisieUtilisateur(VerificationEtFonctionnement.java:67) [bin/:?]
	at fr.alex.main.CorpsPrincipal.init(CorpsPrincipal.java:213) [bin/:?]
	at fr.alex.main.MainMaster.main(MainMaster.java:9) [bin/:?]
[ERROR] 2019-02-26 09:27:34.069 [main] Combinaison - erreur dans la saisie utilisateur 5 parametres
java.lang.NullPointerException: null
	at fr.alex.main.VerificationEtFonctionnement.verifieSiLettre(VerificationEtFonctionnement.java:118) ~[bin/:?]
	at fr.alex.main.VerificationEtFonctionnement.saisieUtilisateur(VerificationEtFonctionnement.java:67) [bin/:?]
	at fr.alex.main.CorpsPrincipal.init(CorpsPrincipal.java:213) [bin/:?]
	at fr.alex.main.MainMaster.main(MainMaster.java:9) [bin/:?]
[ERROR] 2019-02-26 11:06:24.704 [main] Combinaison - le nombre de chiffre combinaison est manquant, la valeur est de 4
java.util.MissingResourceException: Can't find resource for bundle java.util.PropertyResourceBundle, key masterMind.nbDeChiffreCombinaison
	at java.util.ResourceBundle.getObject(ResourceBundle.java:564) ~[?:?]
	at java.util.ResourceBundle.getString(ResourceBundle.java:521) ~[?:?]
	at fr.alex.main.RessourcesMaster.<init>(RessourcesMaster.java:31) [bin/:?]
	at fr.alex.main.CorpsPrincipal.<init>(CorpsPrincipal.java:26) [bin/:?]
	at fr.alex.main.MainMaster.main(MainMaster.java:7) [bin/:?]
[ERROR] 2019-02-26 11:07:30.651 [main] Combinaison - le nombre de chiffre combinaison est manquant, la valeur est de 4
java.util.MissingResourceException: Can't find resource for bundle java.util.PropertyResourceBundle, key masterMind.nbDeChiffreCombinaison
	at java.util.ResourceBundle.getObject(ResourceBundle.java:564) ~[?:?]
	at java.util.ResourceBundle.getString(ResourceBundle.java:521) ~[?:?]
	at fr.alex.main.RessourcesMaster.<init>(RessourcesMaster.java:31) [bin/:?]
	at fr.alex.main.CorpsPrincipal.<init>(CorpsPrincipal.java:26) [bin/:?]
	at fr.alex.main.MainMaster.main(MainMaster.java:7) [bin/:?]
[ERROR] 2019-02-26 11:07:54.133 [main] Combinaison - erreur dans la saisie utilisateur 5 parametres
java.lang.NullPointerException: null
	at fr.alex.main.VerificationEtFonctionnement.verifieSiLettre(VerificationEtFonctionnement.java:95) ~[bin/:?]
	at fr.alex.main.VerificationEtFonctionnement.saisieUtilisateur(VerificationEtFonctionnement.java:67) [bin/:?]
	at fr.alex.main.CorpsPrincipal.init(CorpsPrincipal.java:81) [bin/:?]
	at fr.alex.main.MainMaster.main(MainMaster.java:9) [bin/:?]
